Build started 9/30/2015 6:02:29 PM.
     1>Project "C:\OpenGL\Projects\VisualStudio\FinalRenderer4.0\GLBasic\GLBasic\GLBasic.vcxproj" on node 2 (Build target(s)).
     1>ClCompile:
         C:\Program Files (x86)\Microsoft Visual Studio 14.0\VC\bin\CL.exe /c /ZI /nologo /W3 /WX- /Od /Oy- /D WIN32 /D _DEBUG /D _CONSOLE /D _UNICODE /D UNICODE /Gm /EHsc /RTC1 /MDd /GS /fp:precise /Zc:wchar_t /Zc:forScope /Zc:inline /Fo"Debug\\" /Fd"Debug\vc140.pdb" /Gd /TP /analyze- /errorReport:prompt TheMain.cpp
         TheMain.cpp
     1>c:\opengl\projects\visualstudio\finalrenderer4.0\glbasic\glbasic\themain.cpp(540): warning C4996: 'sprintf': This function or variable may be unsafe. Consider using sprintf_s instead. To disable deprecation, use _CRT_SECURE_NO_WARNINGS. See online help for details.
         c:\program files (x86)\windows kits\10\include\10.0.10150.0\ucrt\stdio.h(1769): note: see declaration of 'sprintf'
       Link:
         C:\Program Files (x86)\Microsoft Visual Studio 14.0\VC\bin\link.exe /ERRORREPORT:PROMPT /OUT:"C:\OpenGL\Projects\VisualStudio\FinalRenderer4.0\GLBasic\Debug\GLBasic.exe" /INCREMENTAL /NOLOGO freeglut.lib glew32.lib kernel32.lib user32.lib gdi32.lib winspool.lib comdlg32.lib advapi32.lib shell32.lib ole32.lib oleaut32.lib uuid.lib odbc32.lib odbccp32.lib /MANIFEST /MANIFESTUAC:"level='asInvoker' uiAccess='false'" /manifest:embed /Debug /PDB:"C:\OpenGL\Projects\VisualStudio\FinalRenderer4.0\GLBasic\Debug\GLBasic.pdb" /SUBSYSTEM:CONSOLE /TLBID:1 /DYNAMICBASE /NXCOMPAT /IMPLIB:"C:\OpenGL\Projects\VisualStudio\FinalRenderer4.0\GLBasic\Debug\GLBasic.lib" /MACHINE:X86 Debug\CGameObject.obj
         Debug\CGameObjectManager.obj
         Debug\CGLMeshVBOManager.obj
         Debug\CHRTimer.obj
         Debug\CTriangle.obj
         Debug\CVertex.obj
         Debug\TheMain.obj
         Debug\Utils.obj
         GLBasic.vcxproj -> C:\OpenGL\Projects\VisualStudio\FinalRenderer4.0\GLBasic\Debug\GLBasic.exe
     1>Done Building Project "C:\OpenGL\Projects\VisualStudio\FinalRenderer4.0\GLBasic\GLBasic\GLBasic.vcxproj" (Build target(s)).

Build succeeded.

Time Elapsed 00:00:01.43
